
AVRASM ver. 2.1.30  E:\Muhib\project\final_edit\bluetooth\Debug\List\bluetoothBAUD.asm Thu Nov 08 15:04:40 2018

E:\Muhib\project\final_edit\bluetooth\Debug\List\bluetoothBAUD.asm(1088): warning: Register r5 already defined by the .DEF directive
E:\Muhib\project\final_edit\bluetooth\Debug\List\bluetoothBAUD.asm(1089): warning: Register r4 already defined by the .DEF directive
E:\Muhib\project\final_edit\bluetooth\Debug\List\bluetoothBAUD.asm(1090): warning: Register r7 already defined by the .DEF directive
E:\Muhib\project\final_edit\bluetooth\Debug\List\bluetoothBAUD.asm(1091): warning: Register r6 already defined by the .DEF directive
E:\Muhib\project\final_edit\bluetooth\Debug\List\bluetoothBAUD.asm(1092): warning: Register r9 already defined by the .DEF directive
                 
                 
                 ;CodeVisionAVR C Compiler V3.12 Advanced
                 ;(C) Copyright 1998-2014 Pavel Haiduc, HP InfoTech s.r.l.
                 ;http://www.hpinfotech.com
                 
                 ;Build configuration    : Debug
                 ;Chip type              : ATmega32
                 ;Program type           : Application
                 ;Clock frequency        : 16.000000 MHz
                 ;Memory model           : Small
                 ;Optimize for           : Size
                 ;(s)printf features     : int, width
                 ;(s)scanf features      : int, width
                 ;External RAM size      : 0
                 ;Data Stack size        : 512 byte(s)
                 ;Heap size              : 0 byte(s)
                 ;Promote 'char' to 'int': Yes
                 ;'char' is unsigned     : Yes
                 ;8 bit enums            : Yes
                 ;Global 'const' stored in FLASH: Yes
                 ;Enhanced function parameter passing: Yes
                 ;Enhanced core instructions: On
                 ;Automatic register allocation for global variables: On
                 ;Smart register allocation: On
                 
                 	#define _MODEL_SMALL_
                 
                 	#pragma AVRPART ADMIN PART_NAME ATmega32
                 	#pragma AVRPART MEMORY PROG_FLASH 32768
                 	#pragma AVRPART MEMORY EEPROM 1024
                 	#pragma AVRPART MEMORY INT_SRAM SIZE 2048
                 	#pragma AVRPART MEMORY INT_SRAM START_ADDR 0x60
                 
                 	#define CALL_SUPPORTED 1
                 
                 	.LISTMAC
                 	.EQU UDRE=0x5
                 	.EQU RXC=0x7
                 	.EQU USR=0xB
                 	.EQU UDR=0xC
                 	.EQU SPSR=0xE
                 	.EQU SPDR=0xF
                 	.EQU EERE=0x0
                 	.EQU EEWE=0x1
                 	.EQU EEMWE=0x2
                 	.EQU EECR=0x1C
                 	.EQU EEDR=0x1D
                 	.EQU EEARL=0x1E
                 	.EQU EEARH=0x1F
                 	.EQU WDTCR=0x21
                 	.EQU MCUCR=0x35
                 	.EQU GICR=0x3B
                 	.EQU SPL=0x3D
                 	.EQU SPH=0x3E
                 	.EQU SREG=0x3F
                 
                 	.DEF R0X0=R0
                 	.DEF R0X1=R1
                 	.DEF R0X2=R2
                 	.DEF R0X3=R3
                 	.DEF R0X4=R4
                 	.DEF R0X5=R5
                 	.DEF R0X6=R6
                 	.DEF R0X7=R7
                 	.DEF R0X8=R8
                 	.DEF R0X9=R9
                 	.DEF R0XA=R10
                 	.DEF R0XB=R11
                 	.DEF R0XC=R12
                 	.DEF R0XD=R13
                 	.DEF R0XE=R14
                 	.DEF R0XF=R15
                 	.DEF R0X10=R16
                 	.DEF R0X11=R17
                 	.DEF R0X12=R18
                 	.DEF R0X13=R19
                 	.DEF R0X14=R20
                 	.DEF R0X15=R21
                 	.DEF R0X16=R22
                 	.DEF R0X17=R23
                 	.DEF R0X18=R24
                 	.DEF R0X19=R25
                 	.DEF R0X1A=R26
                 	.DEF R0X1B=R27
                 	.DEF R0X1C=R28
                 	.DEF R0X1D=R29
                 	.DEF R0X1E=R30
                 	.DEF R0X1F=R31
                 
                 	.EQU __SRAM_START=0x0060
                 	.EQU __SRAM_END=0x085F
                 	.EQU __DSTACK_SIZE=0x0200
                 	.EQU __HEAP_SIZE=0x0000
                 	.EQU __CLEAR_SRAM_SIZE=__SRAM_END-__SRAM_START+1
                 
                 	.MACRO __CPD1N
                 	CPI  R30,LOW(@0)
                 	LDI  R26,HIGH(@0)
                 	CPC  R31,R26
                 	LDI  R26,BYTE3(@0)
                 	CPC  R22,R26
                 	LDI  R26,BYTE4(@0)
                 	CPC  R23,R26
                 	.ENDM
                 
                 	.MACRO __CPD2N
                 	CPI  R26,LOW(@0)
                 	LDI  R30,HIGH(@0)
                 	CPC  R27,R30
                 	LDI  R30,BYTE3(@0)
                 	CPC  R24,R30
                 	LDI  R30,BYTE4(@0)
                 	CPC  R25,R30
                 	.ENDM
                 
                 	.MACRO __CPWRR
                 	CP   R@0,R@2
                 	CPC  R@1,R@3
                 	.ENDM
                 
                 	.MACRO __CPWRN
                 	CPI  R@0,LOW(@2)
                 	LDI  R30,HIGH(@2)
                 	CPC  R@1,R30
                 	.ENDM
                 
                 	.MACRO __ADDB1MN
                 	SUBI R30,LOW(-@0-(@1))
                 	.ENDM
                 
                 	.MACRO __ADDB2MN
                 	SUBI R26,LOW(-@0-(@1))
                 	.ENDM
                 
                 	.MACRO __ADDW1MN
                 	SUBI R30,LOW(-@0-(@1))
                 	SBCI R31,HIGH(-@0-(@1))
                 	.ENDM
                 
                 	.MACRO __ADDW2MN
                 	SUBI R26,LOW(-@0-(@1))
                 	SBCI R27,HIGH(-@0-(@1))
                 	.ENDM
                 
                 	.MACRO __ADDW1FN
                 	SUBI R30,LOW(-2*@0-(@1))
                 	SBCI R31,HIGH(-2*@0-(@1))
                 	.ENDM
                 
                 	.MACRO __ADDD1FN
                 	SUBI R30,LOW(-2*@0-(@1))
                 	SBCI R31,HIGH(-2*@0-(@1))
                 	SBCI R22,BYTE3(-2*@0-(@1))
                 	.ENDM
                 
                 	.MACRO __ADDD1N
                 	SUBI R30,LOW(-@0)
                 	SBCI R31,HIGH(-@0)
                 	SBCI R22,BYTE3(-@0)
                 	SBCI R23,BYTE4(-@0)
                 	.ENDM
                 
                 	.MACRO __ADDD2N
                 	SUBI R26,LOW(-@0)
                 	SBCI R27,HIGH(-@0)
                 	SBCI R24,BYTE3(-@0)
                 	SBCI R25,BYTE4(-@0)
                 	.ENDM
                 
                 	.MACRO __SUBD1N
                 	SUBI R30,LOW(@0)
                 	SBCI R31,HIGH(@0)
                 	SBCI R22,BYTE3(@0)
                 	SBCI R23,BYTE4(@0)
                 	.ENDM
                 
                 	.MACRO __SUBD2N
                 	SUBI R26,LOW(@0)
                 	SBCI R27,HIGH(@0)
                 	SBCI R24,BYTE3(@0)
                 	SBCI R25,BYTE4(@0)
                 	.ENDM
                 
                 	.MACRO __ANDBMNN
                 	LDS  R30,@0+(@1)
                 	ANDI R30,LOW(@2)
                 	STS  @0+(@1),R30
                 	.ENDM
                 
                 	.MACRO __ANDWMNN
                 	LDS  R30,@0+(@1)
                 	ANDI R30,LOW(@2)
                 	STS  @0+(@1),R30
                 	LDS  R30,@0+(@1)+1
                 	ANDI R30,HIGH(@2)
                 	STS  @0+(@1)+1,R30
                 	.ENDM
                 
                 	.MACRO __ANDD1N
                 	ANDI R30,LOW(@0)
                 	ANDI R31,HIGH(@0)
                 	ANDI R22,BYTE3(@0)
                 	ANDI R23,BYTE4(@0)
                 	.ENDM
                 
                 	.MACRO __ANDD2N
                 	ANDI R26,LOW(@0)
                 	ANDI R27,HIGH(@0)
                 	ANDI R24,BYTE3(@0)
                 	ANDI R25,BYTE4(@0)
                 	.ENDM
                 
                 	.MACRO __ORBMNN
                 	LDS  R30,@0+(@1)
                 	ORI  R30,LOW(@2)
                 	STS  @0+(@1),R30
                 	.ENDM
                 
                 	.MACRO __ORWMNN
                 	LDS  R30,@0+(@1)
                 	ORI  R30,LOW(@2)
                 	STS  @0+(@1),R30
                 	LDS  R30,@0+(@1)+1
                 	ORI  R30,HIGH(@2)
                 	STS  @0+(@1)+1,R30
                 	.ENDM
                 
                 	.MACRO __ORD1N
                 	ORI  R30,LOW(@0)
                 	ORI  R31,HIGH(@0)
                 	ORI  R22,BYTE3(@0)
                 	ORI  R23,BYTE4(@0)
                 	.ENDM
                 
                 	.MACRO __ORD2N
                 	ORI  R26,LOW(@0)
                 	ORI  R27,HIGH(@0)
                 	ORI  R24,BYTE3(@0)
                 	ORI  R25,BYTE4(@0)
                 	.ENDM
                 
                 	.MACRO __DELAY_USB
                 	LDI  R24,LOW(@0)
                 __DELAY_USB_LOOP:
                 	DEC  R24
                 	BRNE __DELAY_USB_LOOP
                 	.ENDM
                 
                 	.MACRO __DELAY_USW
                 	LDI  R24,LOW(@0)
                 	LDI  R25,HIGH(@0)
                 __DELAY_USW_LOOP:
                 	SBIW R24,1
                 	BRNE __DELAY_USW_LOOP
                 	.ENDM
                 
                 	.MACRO __GETD1S
                 	LDD  R30,Y+@0
                 	LDD  R31,Y+@0+1
                 	LDD  R22,Y+@0+2
                 	LDD  R23,Y+@0+3
                 	.ENDM
                 
                 	.MACRO __GETD2S
                 	LDD  R26,Y+@0
                 	LDD  R27,Y+@0+1
                 	LDD  R24,Y+@0+2
                 	LDD  R25,Y+@0+3
                 	.ENDM
                 
                 	.MACRO __PUTD1S
                 	STD  Y+@0,R30
                 	STD  Y+@0+1,R31
                 	STD  Y+@0+2,R22
                 	STD  Y+@0+3,R23
                 	.ENDM
                 
                 	.MACRO __PUTD2S
                 	STD  Y+@0,R26
                 	STD  Y+@0+1,R27
                 	STD  Y+@0+2,R24
                 	STD  Y+@0+3,R25
                 	.ENDM
                 
                 	.MACRO __PUTDZ2
                 	STD  Z+@0,R26
                 	STD  Z+@0+1,R27
                 	STD  Z+@0+2,R24
                 	STD  Z+@0+3,R25
                 	.ENDM
                 
                 	.MACRO __CLRD1S
                 	STD  Y+@0,R30
                 	STD  Y+@0+1,R30
                 	STD  Y+@0+2,R30
                 	STD  Y+@0+3,R30
                 	.ENDM
                 
                 	.MACRO __POINTB1MN
                 	LDI  R30,LOW(@0+(@1))
                 	.ENDM
                 
                 	.MACRO __POINTW1MN
                 	LDI  R30,LOW(@0+(@1))
                 	LDI  R31,HIGH(@0+(@1))
                 	.ENDM
                 
                 	.MACRO __POINTD1M
                 	LDI  R30,LOW(@0)
                 	LDI  R31,HIGH(@0)
                 	LDI  R22,BYTE3(@0)
                 	LDI  R23,BYTE4(@0)
                 	.ENDM
                 
                 	.MACRO __POINTW1FN
                 	LDI  R30,LOW(2*@0+(@1))
                 	LDI  R31,HIGH(2*@0+(@1))
                 	.ENDM
                 
                 	.MACRO __POINTD1FN
                 	LDI  R30,LOW(2*@0+(@1))
                 	LDI  R31,HIGH(2*@0+(@1))
                 	LDI  R22,BYTE3(2*@0+(@1))
                 	LDI  R23,BYTE4(2*@0+(@1))
                 	.ENDM
                 
                 	.MACRO __POINTB2MN
                 	LDI  R26,LOW(@0+(@1))
                 	.ENDM
                 
                 	.MACRO __POINTW2MN
                 	LDI  R26,LOW(@0+(@1))
                 	LDI  R27,HIGH(@0+(@1))
                 	.ENDM
                 
                 	.MACRO __POINTW2FN
                 	LDI  R26,LOW(2*@0+(@1))
                 	LDI  R27,HIGH(2*@0+(@1))
                 	.ENDM
                 
                 	.MACRO __POINTD2FN
                 	LDI  R26,LOW(2*@0+(@1))
                 	LDI  R27,HIGH(2*@0+(@1))
                 	LDI  R24,BYTE3(2*@0+(@1))
                 	LDI  R25,BYTE4(2*@0+(@1))
                 	.ENDM
                 
                 	.MACRO __POINTBRM
                 	LDI  R@0,LOW(@1)
                 	.ENDM
                 
                 	.MACRO __POINTWRM
                 	LDI  R@0,LOW(@2)
                 	LDI  R@1,HIGH(@2)
                 	.ENDM
                 
                 	.MACRO __POINTBRMN
                 	LDI  R@0,LOW(@1+(@2))
                 	.ENDM
                 
                 	.MACRO __POINTWRMN
                 	LDI  R@0,LOW(@2+(@3))
                 	LDI  R@1,HIGH(@2+(@3))
                 	.ENDM
                 
                 	.MACRO __POINTWRFN
                 	LDI  R@0,LOW(@2*2+(@3))
                 	LDI  R@1,HIGH(@2*2+(@3))
                 	.ENDM
                 
                 	.MACRO __GETD1N
                 	LDI  R30,LOW(@0)
                 	LDI  R31,HIGH(@0)
                 	LDI  R22,BYTE3(@0)
                 	LDI  R23,BYTE4(@0)
                 	.ENDM
                 
                 	.MACRO __GETD2N
                 	LDI  R26,LOW(@0)
                 	LDI  R27,HIGH(@0)
                 	LDI  R24,BYTE3(@0)
                 	LDI  R25,BYTE4(@0)
                 	.ENDM
                 
                 	.MACRO __GETB1MN
                 	LDS  R30,@0+(@1)
                 	.ENDM
                 
                 	.MACRO __GETB1HMN
                 	LDS  R31,@0+(@1)
                 	.ENDM
                 
                 	.MACRO __GETW1MN
                 	LDS  R30,@0+(@1)
                 	LDS  R31,@0+(@1)+1
                 	.ENDM
                 
                 	.MACRO __GETD1MN
                 	LDS  R30,@0+(@1)
                 	LDS  R31,@0+(@1)+1
                 	LDS  R22,@0+(@1)+2
                 	LDS  R23,@0+(@1)+3
                 	.ENDM
                 
                 	.MACRO __GETBRMN
                 	LDS  R@0,@1+(@2)
                 	.ENDM
                 
                 	.MACRO __GETWRMN
                 	LDS  R@0,@2+(@3)
                 	LDS  R@1,@2+(@3)+1
                 	.ENDM
                 
                 	.MACRO __GETWRZ
                 	LDD  R@0,Z+@2
                 	LDD  R@1,Z+@2+1
                 	.ENDM
                 
                 	.MACRO __GETD2Z
                 	LDD  R26,Z+@0
                 	LDD  R27,Z+@0+1
                 	LDD  R24,Z+@0+2
                 	LDD  R25,Z+@0+3
                 	.ENDM
                 
                 	.MACRO __GETB2MN
                 	LDS  R26,@0+(@1)
                 	.ENDM
                 
                 	.MACRO __GETW2MN
                 	LDS  R26,@0+(@1)
                 	LDS  R27,@0+(@1)+1
                 	.ENDM
                 
                 	.MACRO __GETD2MN
                 	LDS  R26,@0+(@1)
                 	LDS  R27,@0+(@1)+1
                 	LDS  R24,@0+(@1)+2
                 	LDS  R25,@0+(@1)+3
                 	.ENDM
                 
                 	.MACRO __PUTB1MN
                 	STS  @0+(@1),R30
                 	.ENDM
                 
                 	.MACRO __PUTW1MN
                 	STS  @0+(@1),R30
                 	STS  @0+(@1)+1,R31
                 	.ENDM
                 
                 	.MACRO __PUTD1MN
                 	STS  @0+(@1),R30
                 	STS  @0+(@1)+1,R31
                 	STS  @0+(@1)+2,R22
                 	STS  @0+(@1)+3,R23
                 	.ENDM
                 
                 	.MACRO __PUTB1EN
                 	LDI  R26,LOW(@0+(@1))
                 	LDI  R27,HIGH(@0+(@1))
                 	CALL __EEPROMWRB
                 	.ENDM
                 
                 	.MACRO __PUTW1EN
                 	LDI  R26,LOW(@0+(@1))
                 	LDI  R27,HIGH(@0+(@1))
                 	CALL __EEPROMWRW
                 	.ENDM
                 
                 	.MACRO __PUTD1EN
                 	LDI  R26,LOW(@0+(@1))
                 	LDI  R27,HIGH(@0+(@1))
                 	CALL __EEPROMWRD
                 	.ENDM
                 
                 	.MACRO __PUTBR0MN
                 	STS  @0+(@1),R0
                 	.ENDM
                 
                 	.MACRO __PUTBMRN
                 	STS  @0+(@1),R@2
                 	.ENDM
                 
                 	.MACRO __PUTWMRN
                 	STS  @0+(@1),R@2
                 	STS  @0+(@1)+1,R@3
                 	.ENDM
                 
                 	.MACRO __PUTBZR
                 	STD  Z+@1,R@0
                 	.ENDM
                 
                 	.MACRO __PUTWZR
                 	STD  Z+@2,R@0
                 	STD  Z+@2+1,R@1
                 	.ENDM
                 
                 	.MACRO __GETW1R
                 	MOV  R30,R@0
                 	MOV  R31,R@1
                 	.ENDM
                 
                 	.MACRO __GETW2R
                 	MOV  R26,R@0
                 	MOV  R27,R@1
                 	.ENDM
                 
                 	.MACRO __GETWRN
                 	LDI  R@0,LOW(@2)
                 	LDI  R@1,HIGH(@2)
                 	.ENDM
                 
                 	.MACRO __PUTW1R
                 	MOV  R@0,R30
                 	MOV  R@1,R31
                 	.ENDM
                 
                 	.MACRO __PUTW2R
                 	MOV  R@0,R26
                 	MOV  R@1,R27
                 	.ENDM
                 
                 	.MACRO __ADDWRN
                 	SUBI R@0,LOW(-@2)
                 	SBCI R@1,HIGH(-@2)
                 	.ENDM
                 
                 	.MACRO __ADDWRR
                 	ADD  R@0,R@2
                 	ADC  R@1,R@3
                 	.ENDM
                 
                 	.MACRO __SUBWRN
                 	SUBI R@0,LOW(@2)
                 	SBCI R@1,HIGH(@2)
                 	.ENDM
                 
                 	.MACRO __SUBWRR
                 	SUB  R@0,R@2
                 	SBC  R@1,R@3
                 	.ENDM
                 
                 	.MACRO __ANDWRN
                 	ANDI R@0,LOW(@2)
                 	ANDI R@1,HIGH(@2)
                 	.ENDM
                 
                 	.MACRO __ANDWRR
                 	AND  R@0,R@2
                 	AND  R@1,R@3
                 	.ENDM
                 
                 	.MACRO __ORWRN
                 	ORI  R@0,LOW(@2)
                 	ORI  R@1,HIGH(@2)
                 	.ENDM
                 
                 	.MACRO __ORWRR
                 	OR   R@0,R@2
                 	OR   R@1,R@3
                 	.ENDM
                 
                 	.MACRO __EORWRR
                 	EOR  R@0,R@2
                 	EOR  R@1,R@3
                 	.ENDM
                 
                 	.MACRO __GETWRS
                 	LDD  R@0,Y+@2
                 	LDD  R@1,Y+@2+1
                 	.ENDM
                 
                 	.MACRO __PUTBSR
                 	STD  Y+@1,R@0
                 	.ENDM
                 
                 	.MACRO __PUTWSR
                 	STD  Y+@2,R@0
                 	STD  Y+@2+1,R@1
                 	.ENDM
                 
                 	.MACRO __MOVEWRR
                 	MOV  R@0,R@2
                 	MOV  R@1,R@3
                 	.ENDM
                 
                 	.MACRO __INWR
                 	IN   R@0,@2
                 	IN   R@1,@2+1
                 	.ENDM
                 
                 	.MACRO __OUTWR
                 	OUT  @2+1,R@1
                 	OUT  @2,R@0
                 	.ENDM
                 
                 	.MACRO __CALL1MN
                 	LDS  R30,@0+(@1)
                 	LDS  R31,@0+(@1)+1
                 	ICALL
                 	.ENDM
                 
                 	.MACRO __CALL1FN
                 	LDI  R30,LOW(2*@0+(@1))
                 	LDI  R31,HIGH(2*@0+(@1))
                 	CALL __GETW1PF
                 	ICALL
                 	.ENDM
                 
                 	.MACRO __CALL2EN
                 	PUSH R26
                 	PUSH R27
                 	LDI  R26,LOW(@0+(@1))
                 	LDI  R27,HIGH(@0+(@1))
                 	CALL __EEPROMRDW
                 	POP  R27
                 	POP  R26
                 	ICALL
                 	.ENDM
                 
                 	.MACRO __CALL2EX
                 	SUBI R26,LOW(-@0)
                 	SBCI R27,HIGH(-@0)
                 	CALL __EEPROMRDD
                 	ICALL
                 	.ENDM
                 
                 	.MACRO __GETW1STACK
                 	IN   R30,SPL
                 	IN   R31,SPH
                 	ADIW R30,@0+1
                 	LD   R0,Z+
                 	LD   R31,Z
                 	MOV  R30,R0
                 	.ENDM
                 
                 	.MACRO __GETD1STACK
                 	IN   R30,SPL
                 	IN   R31,SPH
                 	ADIW R30,@0+1
                 	LD   R0,Z+
                 	LD   R1,Z+
                 	LD   R22,Z
                 	MOVW R30,R0
                 	.ENDM
                 
                 	.MACRO __NBST
                 	BST  R@0,@1
                 	IN   R30,SREG
                 	LDI  R31,0x40
                 	EOR  R30,R31
                 	OUT  SREG,R30
                 	.ENDM
                 
                 
                 	.MACRO __PUTB1SN
                 	LDD  R26,Y+@0
                 	LDD  R27,Y+@0+1
                 	SUBI R26,LOW(-@1)
                 	SBCI R27,HIGH(-@1)
                 	ST   X,R30
                 	.ENDM
                 
                 	.MACRO __PUTW1SN
                 	LDD  R26,Y+@0
                 	LDD  R27,Y+@0+1
                 	SUBI R26,LOW(-@1)
                 	SBCI R27,HIGH(-@1)
                 	ST   X+,R30
                 	ST   X,R31
                 	.ENDM
                 
                 	.MACRO __PUTD1SN
                 	LDD  R26,Y+@0
                 	LDD  R27,Y+@0+1
                 	SUBI R26,LOW(-@1)
                 	SBCI R27,HIGH(-@1)
                 	CALL __PUTDP1
                 	.ENDM
                 
                 	.MACRO __PUTB1SNS
                 	LDD  R26,Y+@0
                 	LDD  R27,Y+@0+1
                 	ADIW R26,@1
                 	ST   X,R30
                 	.ENDM
                 
                 	.MACRO __PUTW1SNS
                 	LDD  R26,Y+@0
                 	LDD  R27,Y+@0+1
                 	ADIW R26,@1
                 	ST   X+,R30
                 	ST   X,R31
                 	.ENDM
                 
                 	.MACRO __PUTD1SNS
                 	LDD  R26,Y+@0
                 	LDD  R27,Y+@0+1
                 	ADIW R26,@1
                 	CALL __PUTDP1
                 	.ENDM
                 
                 	.MACRO __PUTB1PMN
                 	LDS  R26,@0
                 	LDS  R27,@0+1
                 	SUBI R26,LOW(-@1)
                 	SBCI R27,HIGH(-@1)
                 	ST   X,R30
                 	.ENDM
                 
                 	.MACRO __PUTW1PMN
                 	LDS  R26,@0
                 	LDS  R27,@0+1
                 	SUBI R26,LOW(-@1)
                 	SBCI R27,HIGH(-@1)
                 	ST   X+,R30
                 	ST   X,R31
                 	.ENDM
                 
                 	.MACRO __PUTD1PMN
                 	LDS  R26,@0
                 	LDS  R27,@0+1
                 	SUBI R26,LOW(-@1)
                 	SBCI R27,HIGH(-@1)
                 	CALL __PUTDP1
                 	.ENDM
                 
                 	.MACRO __PUTB1PMNS
                 	LDS  R26,@0
                 	LDS  R27,@0+1
                 	ADIW R26,@1
                 	ST   X,R30
                 	.ENDM
                 
                 	.MACRO __PUTW1PMNS
                 	LDS  R26,@0
                 	LDS  R27,@0+1
                 	ADIW R26,@1
                 	ST   X+,R30
                 	ST   X,R31
                 	.ENDM
                 
                 	.MACRO __PUTD1PMNS
                 	LDS  R26,@0
                 	LDS  R27,@0+1
                 	ADIW R26,@1
                 	CALL __PUTDP1
                 	.ENDM
                 
                 	.MACRO __PUTB1RN
                 	MOVW R26,R@0
                 	SUBI R26,LOW(-@1)
                 	SBCI R27,HIGH(-@1)
                 	ST   X,R30
                 	.ENDM
                 
                 	.MACRO __PUTW1RN
                 	MOVW R26,R@0
                 	SUBI R26,LOW(-@1)
                 	SBCI R27,HIGH(-@1)
                 	ST   X+,R30
                 	ST   X,R31
                 	.ENDM
                 
                 	.MACRO __PUTD1RN
                 	MOVW R26,R@0
                 	SUBI R26,LOW(-@1)
                 	SBCI R27,HIGH(-@1)
                 	CALL __PUTDP1
                 	.ENDM
                 
                 	.MACRO __PUTB1RNS
                 	MOVW R26,R@0
                 	ADIW R26,@1
                 	ST   X,R30
                 	.ENDM
                 
                 	.MACRO __PUTW1RNS
                 	MOVW R26,R@0
                 	ADIW R26,@1
                 	ST   X+,R30
                 	ST   X,R31
                 	.ENDM
                 
                 	.MACRO __PUTD1RNS
                 	MOVW R26,R@0
                 	ADIW R26,@1
                 	CALL __PUTDP1
                 	.ENDM
                 
                 	.MACRO __PUTB1RON
                 	MOV  R26,R@0
                 	MOV  R27,R@1
                 	SUBI R26,LOW(-@2)
                 	SBCI R27,HIGH(-@2)
                 	ST   X,R30
                 	.ENDM
                 
                 	.MACRO __PUTW1RON
                 	MOV  R26,R@0
                 	MOV  R27,R@1
                 	SUBI R26,LOW(-@2)
                 	SBCI R27,HIGH(-@2)
                 	ST   X+,R30
                 	ST   X,R31
                 	.ENDM
                 
                 	.MACRO __PUTD1RON
                 	MOV  R26,R@0
                 	MOV  R27,R@1
                 	SUBI R26,LOW(-@2)
                 	SBCI R27,HIGH(-@2)
                 	CALL __PUTDP1
                 	.ENDM
                 
                 	.MACRO __PUTB1RONS
                 	MOV  R26,R@0
                 	MOV  R27,R@1
                 	ADIW R26,@2
                 	ST   X,R30
                 	.ENDM
                 
                 	.MACRO __PUTW1RONS
                 	MOV  R26,R@0
                 	MOV  R27,R@1
                 	ADIW R26,@2
                 	ST   X+,R30
                 	ST   X,R31
                 	.ENDM
                 
                 	.MACRO __PUTD1RONS
                 	MOV  R26,R@0
                 	MOV  R27,R@1
                 	ADIW R26,@2
                 	CALL __PUTDP1
                 	.ENDM
                 
                 
                 	.MACRO __GETB1SX
                 	MOVW R30,R28
                 	SUBI R30,LOW(-@0)
                 	SBCI R31,HIGH(-@0)
                 	LD   R30,Z
                 	.ENDM
                 
                 	.MACRO __GETB1HSX
                 	MOVW R30,R28
                 	SUBI R30,LOW(-@0)
                 	SBCI R31,HIGH(-@0)
                 	LD   R31,Z
                 	.ENDM
                 
                 	.MACRO __GETW1SX
                 	MOVW R30,R28
                 	SUBI R30,LOW(-@0)
                 	SBCI R31,HIGH(-@0)
                 	LD   R0,Z+
                 	LD   R31,Z
                 	MOV  R30,R0
                 	.ENDM
                 
                 	.MACRO __GETD1SX
                 	MOVW R30,R28
                 	SUBI R30,LOW(-@0)
                 	SBCI R31,HIGH(-@0)
                 	LD   R0,Z+
                 	LD   R1,Z+
                 	LD   R22,Z+
                 	LD   R23,Z
                 	MOVW R30,R0
                 	.ENDM
                 
                 	.MACRO __GETB2SX
                 	MOVW R26,R28
                 	SUBI R26,LOW(-@0)
                 	SBCI R27,HIGH(-@0)
                 	LD   R26,X
                 	.ENDM
                 
                 	.MACRO __GETW2SX
                 	MOVW R26,R28
                 	SUBI R26,LOW(-@0)
                 	SBCI R27,HIGH(-@0)
                 	LD   R0,X+
                 	LD   R27,X
                 	MOV  R26,R0
                 	.ENDM
                 
                 	.MACRO __GETD2SX
                 	MOVW R26,R28
                 	SUBI R26,LOW(-@0)
                 	SBCI R27,HIGH(-@0)
                 	LD   R0,X+
                 	LD   R1,X+
                 	LD   R24,X+
                 	LD   R25,X
                 	MOVW R26,R0
                 	.ENDM
                 
                 	.MACRO __GETBRSX
                 	MOVW R30,R28
                 	SUBI R30,LOW(-@1)
                 	SBCI R31,HIGH(-@1)
                 	LD   R@0,Z
                 	.ENDM
                 
                 	.MACRO __GETWRSX
                 	MOVW R30,R28
                 	SUBI R30,LOW(-@2)
                 	SBCI R31,HIGH(-@2)
                 	LD   R@0,Z+
                 	LD   R@1,Z
                 	.ENDM
                 
                 	.MACRO __GETBRSX2
                 	MOVW R26,R28
                 	SUBI R26,LOW(-@1)
                 	SBCI R27,HIGH(-@1)
                 	LD   R@0,X
                 	.ENDM
                 
                 	.MACRO __GETWRSX2
                 	MOVW R26,R28
                 	SUBI R26,LOW(-@2)
                 	SBCI R27,HIGH(-@2)
                 	LD   R@0,X+
                 	LD   R@1,X
                 	.ENDM
                 
                 	.MACRO __LSLW8SX
                 	MOVW R30,R28
                 	SUBI R30,LOW(-@0)
                 	SBCI R31,HIGH(-@0)
                 	LD   R31,Z
                 	CLR  R30
                 	.ENDM
                 
                 	.MACRO __PUTB1SX
                 	MOVW R26,R28
                 	SUBI R26,LOW(-@0)
                 	SBCI R27,HIGH(-@0)
                 	ST   X,R30
                 	.ENDM
                 
                 	.MACRO __PUTW1SX
                 	MOVW R26,R28
                 	SUBI R26,LOW(-@0)
                 	SBCI R27,HIGH(-@0)
                 	ST   X+,R30
                 	ST   X,R31
                 	.ENDM
                 
                 	.MACRO __PUTD1SX
                 	MOVW R26,R28
                 	SUBI R26,LOW(-@0)
                 	SBCI R27,HIGH(-@0)
                 	ST   X+,R30
                 	ST   X+,R31
                 	ST   X+,R22
                 	ST   X,R23
                 	.ENDM
                 
                 	.MACRO __CLRW1SX
                 	MOVW R26,R28
                 	SUBI R26,LOW(-@0)
                 	SBCI R27,HIGH(-@0)
                 	ST   X+,R30
                 	ST   X,R30
                 	.ENDM
                 
                 	.MACRO __CLRD1SX
                 	MOVW R26,R28
                 	SUBI R26,LOW(-@0)
                 	SBCI R27,HIGH(-@0)
                 	ST   X+,R30
                 	ST   X+,R30
                 	ST   X+,R30
                 	ST   X,R30
                 	.ENDM
                 
                 	.MACRO __PUTB2SX
                 	MOVW R30,R28
                 	SUBI R30,LOW(-@0)
                 	SBCI R31,HIGH(-@0)
                 	ST   Z,R26
                 	.ENDM
                 
                 	.MACRO __PUTW2SX
                 	MOVW R30,R28
                 	SUBI R30,LOW(-@0)
                 	SBCI R31,HIGH(-@0)
                 	ST   Z+,R26
                 	ST   Z,R27
                 	.ENDM
                 
                 	.MACRO __PUTD2SX
                 	MOVW R30,R28
                 	SUBI R30,LOW(-@0)
                 	SBCI R31,HIGH(-@0)
                 	ST   Z+,R26
                 	ST   Z+,R27
                 	ST   Z+,R24
                 	ST   Z,R25
                 	.ENDM
                 
                 	.MACRO __PUTBSRX
                 	MOVW R30,R28
                 	SUBI R30,LOW(-@1)
                 	SBCI R31,HIGH(-@1)
                 	ST   Z,R@0
                 	.ENDM
                 
                 	.MACRO __PUTWSRX
                 	MOVW R30,R28
                 	SUBI R30,LOW(-@2)
                 	SBCI R31,HIGH(-@2)
                 	ST   Z+,R@0
                 	ST   Z,R@1
                 	.ENDM
                 
                 	.MACRO __PUTB1SNX
                 	MOVW R26,R28
                 	SUBI R26,LOW(-@0)
                 	SBCI R27,HIGH(-@0)
                 	LD   R0,X+
                 	LD   R27,X
                 	MOV  R26,R0
                 	SUBI R26,LOW(-@1)
                 	SBCI R27,HIGH(-@1)
                 	ST   X,R30
                 	.ENDM
                 
                 	.MACRO __PUTW1SNX
                 	MOVW R26,R28
                 	SUBI R26,LOW(-@0)
                 	SBCI R27,HIGH(-@0)
                 	LD   R0,X+
                 	LD   R27,X
                 	MOV  R26,R0
                 	SUBI R26,LOW(-@1)
                 	SBCI R27,HIGH(-@1)
                 	ST   X+,R30
                 	ST   X,R31
                 	.ENDM
                 
                 	.MACRO __PUTD1SNX
                 	MOVW R26,R28
                 	SUBI R26,LOW(-@0)
                 	SBCI R27,HIGH(-@0)
                 	LD   R0,X+
                 	LD   R27,X
                 	MOV  R26,R0
                 	SUBI R26,LOW(-@1)
                 	SBCI R27,HIGH(-@1)
                 	ST   X+,R30
                 	ST   X+,R31
                 	ST   X+,R22
                 	ST   X,R23
                 	.ENDM
                 
                 	.MACRO __MULBRR
                 	MULS R@0,R@1
                 	MOVW R30,R0
                 	.ENDM
                 
                 	.MACRO __MULBRRU
                 	MUL  R@0,R@1
                 	MOVW R30,R0
                 	.ENDM
                 
                 	.MACRO __MULBRR0
                 	MULS R@0,R@1
                 	.ENDM
                 
                 	.MACRO __MULBRRU0
                 	MUL  R@0,R@1
                 	.ENDM
                 
                 	.MACRO __MULBNWRU
                 	LDI  R26,@2
                 	MUL  R26,R@0
                 	MOVW R30,R0
                 	MUL  R26,R@1
                 	ADD  R31,R0
                 	.ENDM
                 
                 ;NAME DEFINITIONS FOR GLOBAL VARIABLES ALLOCATED TO REGISTERS
                 	.DEF _i=R5
                 	.DEF _b=R4
                 	.DEF __lcd_x=R7
                 	.DEF __lcd_y=R6
                 	.DEF __lcd_maxx=R9
                 
                 	.CSEG
                 	.ORG 0x00
                 
                 ;START OF CODE MARKER
                 __START_OF_CODE:
                 
                 ;INTERRUPT VECTORS
000000 940c 00c8 	JMP  __RESET
000002 940c 0000 	JMP  0x00
000004 940c 0000 	JMP  0x00
000006 940c 0000 	JMP  0x00
000008 940c 0000 	JMP  0x00
00000a 940c 0000 	JMP  0x00
00000c 940c 0000 	JMP  0x00
00000e 940c 0000 	JMP  0x00
000010 940c 0000 	JMP  0x00
000012 940c 0000 	JMP  0x00
000014 940c 0000 	JMP  0x00
000016 940c 0000 	JMP  0x00
000018 940c 0000 	JMP  0x00
00001a 940c 00fc 	JMP  _myInterrupt
00001c 940c 0000 	JMP  0x00
00001e 940c 0000 	JMP  0x00
000020 940c 0000 	JMP  0x00
000022 940c 0000 	JMP  0x00
000024 940c 0000 	JMP  0x00
000026 940c 0000 	JMP  0x00
000028 940c 0000 	JMP  0x00
                 
                 _tbl10_G103:
00002a 2710
00002b 03e8
00002c 0064
00002d 000a      	.DB  0x10,0x27,0xE8,0x3,0x64,0x0,0xA,0x0
00002e 0001      	.DB  0x1,0x0
                 _tbl16_G103:
00002f 1000
000030 0100
000031 0010
000032 0001      	.DB  0x0,0x10,0x0,0x1,0x10,0x0,0x1,0x0
                 
                 ;GLOBAL REGISTER VARIABLES INITIALIZATION
                 __REG_VARS:
000033 0000      	.DB  0x0,0x0
                 
                 _0x0:
000034 5441
000035 0a0d
000036 4100
000037 2b54      	.DB  0x41,0x54,0xD,0xA,0x0,0x41,0x54,0x2B
000038 4d52
000039 4141
00003a 0d44
00003b 000a      	.DB  0x52,0x4D,0x41,0x41,0x44,0xD,0xA,0x0
00003c 5441
00003d 422b
00003e 4e49
00003f 3d44      	.DB  0x41,0x54,0x2B,0x42,0x49,0x4E,0x44,0x3D
000040 3839
000041 3344
000042 412c
000043 2c31      	.DB  0x39,0x38,0x44,0x33,0x2C,0x41,0x31,0x2C
000044 3546
000045 3542
000046 3834
000047 0a0d      	.DB  0x46,0x35,0x42,0x35,0x34,0x38,0xD,0xA
000048 4100
000049 2b54
00004a 4942
00004b 444e      	.DB  0x0,0x41,0x54,0x2B,0x42,0x49,0x4E,0x44
00004c 393d
00004d 4438
00004e 2c33
00004f 3132      	.DB  0x3D,0x39,0x38,0x44,0x33,0x2C,0x32,0x31
000050 462c
000051 3337
000052 3842
000053 0d31      	.DB  0x2C,0x46,0x37,0x33,0x42,0x38,0x31,0xD
000054 000a
000055 5441
000056 492b
000057 494e      	.DB  0xA,0x0,0x41,0x54,0x2B,0x49,0x4E,0x49
000058 0d54
000059 000a
00005a 5441
00005b 492b      	.DB  0x54,0xD,0xA,0x0,0x41,0x54,0x2B,0x49
00005c 514e
00005d 0a0d
00005e 4100
00005f 2b54      	.DB  0x4E,0x51,0xD,0xA,0x0,0x41,0x54,0x2B
000060 494c
000061 4b4e
000062 393d
000063 4438      	.DB  0x4C,0x49,0x4E,0x4B,0x3D,0x39,0x38,0x44
000064 2c33
000065 3141
000066 462c
000067 4235      	.DB  0x33,0x2C,0x41,0x31,0x2C,0x46,0x35,0x42
000068 3435
000069 0d38
00006a 000a
00006b 5441      	.DB  0x35,0x34,0x38,0xD,0xA,0x0,0x41,0x54
00006c 4c2b
00006d 4e49
00006e 3d4b
00006f 3839      	.DB  0x2B,0x4C,0x49,0x4E,0x4B,0x3D,0x39,0x38
000070 3344
000071 322c
000072 2c31
000073 3746      	.DB  0x44,0x33,0x2C,0x32,0x31,0x2C,0x46,0x37
000074 4233
000075 3138
000076 0a0d
000077 4100      	.DB  0x33,0x42,0x38,0x31,0xD,0xA,0x0,0x41
000078 2b54
000079 4944
00007a 4353
00007b 0a0d      	.DB  0x54,0x2B,0x44,0x49,0x53,0x43,0xD,0xA
00007c 4100
00007d 2b54
00007e 5453
00007f 5441      	.DB  0x0,0x41,0x54,0x2B,0x53,0x54,0x41,0x54
000080 0d45
000081 000a
000082 6f4e
000083 4220      	.DB  0x45,0xD,0xA,0x0,0x4E,0x6F,0x20,0x42
000084 742e
000085 6f6f
000086 6874
000087 4320      	.DB  0x2E,0x74,0x6F,0x6F,0x74,0x68,0x20,0x43
000088 6e6f
000089 002e
00008a 2e42
00008b 6f74      	.DB  0x6F,0x6E,0x2E,0x0,0x42,0x2E,0x74,0x6F
00008c 746f
00008d 2068
00008e 6f43
00008f 6e6e      	.DB  0x6F,0x74,0x68,0x20,0x43,0x6F,0x6E,0x6E
000090 6365
000091 6574
000092 0064      	.DB  0x65,0x63,0x74,0x65,0x64,0x0
                 _0x2000003:
000093 c080      	.DB  0x80,0xC0
                 _0x2040060:
E:\Muhib\project\final_edit\bluetooth\Debug\List\bluetoothBAUD.asm(1161): warning: .cseg .db misalignment - padding zero byte
000094 0001      	.DB  0x1
                 _0x2040000:
000095 4e2d
000096 4e41
000097 4900
000098 464e      	.DB  0x2D,0x4E,0x41,0x4E,0x0,0x49,0x4E,0x46
E:\Muhib\project\final_edit\bluetooth\Debug\List\bluetoothBAUD.asm(1164): warning: .cseg .db misalignment - padding zero byte
000099 0000      	.DB  0x0
                 
                 __GLOBAL_INI_TBL:
00009a 0002      	.DW  0x02
00009b 0004      	.DW  0x04
00009c 0066      	.DW  __REG_VARS*2
                 
00009d 0005      	.DW  0x05
00009e 0260      	.DW  _0x7
00009f 0068      	.DW  _0x0*2
                 
0000a0 000b      	.DW  0x0B
0000a1 0265      	.DW  _0x7+5
0000a2 006d      	.DW  _0x0*2+5
                 
0000a3 0019      	.DW  0x19
0000a4 0270      	.DW  _0x7+16
0000a5 0078      	.DW  _0x0*2+16
                 
0000a6 0019      	.DW  0x19
0000a7 0289      	.DW  _0x7+41
0000a8 0091      	.DW  _0x0*2+41
                 
0000a9 000a      	.DW  0x0A
0000aa 02a2      	.DW  _0x7+66
0000ab 00aa      	.DW  _0x0*2+66
                 
0000ac 0009      	.DW  0x09
0000ad 02ac      	.DW  _0x7+76
0000ae 00b4      	.DW  _0x0*2+76
                 
0000af 0019      	.DW  0x19
0000b0 02b5      	.DW  _0x7+85
0000b1 00bd      	.DW  _0x0*2+85
                 
0000b2 0019      	.DW  0x19
0000b3 02ce      	.DW  _0x7+110
0000b4 00d6      	.DW  _0x0*2+110
                 
0000b5 000a      	.DW  0x0A
0000b6 02e7      	.DW  _0x7+135
0000b7 00ef      	.DW  _0x0*2+135
                 
0000b8 000b      	.DW  0x0B
0000b9 02f1      	.DW  _0x7+145
0000ba 00f9      	.DW  _0x0*2+145
                 
0000bb 0010      	.DW  0x10
0000bc 02fc      	.DW  _0x7+156
0000bd 0104      	.DW  _0x0*2+156
                 
0000be 0012      	.DW  0x12
0000bf 030c      	.DW  _0x7+172
0000c0 0114      	.DW  _0x0*2+172
                 
0000c1 0002      	.DW  0x02
0000c2 03e0      	.DW  __base_y_G100
0000c3 0126      	.DW  _0x2000003*2
                 
0000c4 0001      	.DW  0x01
0000c5 03e4      	.DW  __seed_G102
0000c6 0128      	.DW  _0x2040060*2
                 
                 _0xFFFFFFFF:
0000c7 0000      	.DW  0
                 
                 #define __GLOBAL_INI_TBL_PRESENT 1
                 
                 __RESET:
0000c8 94f8      	CLI
0000c9 27ee      	CLR  R30
0000ca bbec      	OUT  EECR,R30
                 
                 ;INTERRUPT VECTORS ARE PLACED
                 ;AT THE START OF FLASH
0000cb e0f1      	LDI  R31,1
0000cc bffb      	OUT  GICR,R31
0000cd bfeb      	OUT  GICR,R30
0000ce bfe5      	OUT  MCUCR,R30
                 
                 ;CLEAR R2-R14
0000cf e08d      	LDI  R24,(14-2)+1
0000d0 e0a2      	LDI  R26,2
0000d1 27bb      	CLR  R27
                 __CLEAR_REG:
0000d2 93ed      	ST   X+,R30
0000d3 958a      	DEC  R24
0000d4 f7e9      	BRNE __CLEAR_REG
                 
                 ;CLEAR SRAM
0000d5 e080      	LDI  R24,LOW(__CLEAR_SRAM_SIZE)
0000d6 e098      	LDI  R25,HIGH(__CLEAR_SRAM_SIZE)
0000d7 e6a0      	LDI  R26,__SRAM_START
                 __CLEAR_SRAM:
0000d8 93ed      	ST   X+,R30
0000d9 9701      	SBIW R24,1
0000da f7e9      	BRNE __CLEAR_SRAM
                 
                 ;GLOBAL VARIABLES INITIALIZATION
0000db e3e4      	LDI  R30,LOW(__GLOBAL_INI_TBL*2)
0000dc e0f1      	LDI  R31,HIGH(__GLOBAL_INI_TBL*2)
                 __GLOBAL_INI_NEXT:
0000dd 9185      	LPM  R24,Z+
0000de 9195      	LPM  R25,Z+
0000df 9700      	SBIW R24,0
0000e0 f061      	BREQ __GLOBAL_INI_END
0000e1 91a5      	LPM  R26,Z+
0000e2 91b5      	LPM  R27,Z+
0000e3 9005      	LPM  R0,Z+
0000e4 9015      	LPM  R1,Z+
0000e5 01bf      	MOVW R22,R30
0000e6 01f0      	MOVW R30,R0
                 __GLOBAL_INI_LOOP:
0000e7 9005      	LPM  R0,Z+
0000e8 920d      	ST   X+,R0
0000e9 9701      	SBIW R24,1
0000ea f7e1      	BRNE __GLOBAL_INI_LOOP
0000eb 01fb      	MOVW R30,R22
0000ec cff0      	RJMP __GLOBAL_INI_NEXT
                 __GLOBAL_INI_END:
                 
                 ;HARDWARE STACK POINTER INITIALIZATION
0000ed e5ef      	LDI  R30,LOW(__SRAM_END-__HEAP_SIZE)
0000ee bfed      	OUT  SPL,R30
0000ef e0e8      	LDI  R30,HIGH(__SRAM_END-__HEAP_SIZE)
0000f0 bfee      	OUT  SPH,R30
                 
                 ;DATA STACK POINTER INITIALIZATION
0000f1 e6c0      	LDI  R28,LOW(__SRAM_START+__DSTACK_SIZE)
0000f2 e0d2      	LDI  R29,HIGH(__SRAM_START+__DSTACK_SIZE)
                 
0000f3 940c 0127 	JMP  _main
                 
                 	.ESEG
                 	.ORG 0
                 
                 	.DSEG
                 	.ORG 0x260
                 
                 	.CSEG
                 ;#include <mega32.h>
                 	#ifndef __SLEEP_DEFINED__
                 	#define __SLEEP_DEFINED__
                 	.EQU __se_bit=0x80
                 	.EQU __sm_mask=0x70
                 	.EQU __sm_powerdown=0x20
                 	.EQU __sm_powersave=0x30
                 	.EQU __sm_standby=0x60
                 	.EQU __sm_ext_standby=0x70
                 	.EQU __sm_adc_noise_red=0x10
                 	.SET power_ctrl_reg=mcucr
                 	#endif
                 ;
                 ;// Alphanumeric LCD functions
                 ;#include <alcd.h>
                 ;#include <delay.h>
                 ;#include <string.h>
                 ;#include <stdlib.h>
                 ;
                 ;#define bt_vcc PORTB.5
                 ;#define bt_en PORTB.6
                 ;#define bt_state PORTB.7
                 ;// Declare your global variables here
                 ;
                 ;unsigned char at[6], at_rmaad[12], at_bind_A[26], at_bind_B[26], at_init[11], at_inq[10], at_link_A[26], at_link_B[26],  ...
                 ;unsigned char at_state[12], recData[32];        //To declare 8bit character variable
                 ;char i=0, b=0;    //To declare single bit
                 ;
                 ;// Standard Input/Output functions
                 ;#include <stdio.h>
                 ;
                 ;
                 ;void usart_transmit(unsigned char ch )
                 ; 0000 0017 {
                 
                 	.CSEG
                 _usart_transmit:
                 ; .FSTART _usart_transmit
                 ; 0000 0018     while ( !( UCSRA & (1<<UDRE)) );
0000f5 93aa      	ST   -Y,R26
                 ;	ch -> Y+0
                 _0x3:
0000f6 9b5d      	SBIS 0xB,5
0000f7 cffe      	RJMP _0x3
                 ; 0000 0019     UDR = ch;
0000f8 81e8      	LD   R30,Y
0000f9 b9ec      	OUT  0xC,R30
                 ; 0000 001A }
0000fa 940c 02a1 	JMP  _0x20C0001
                 ; .FEND
                 ;
                 ;interrupt [USART_RXC] void myInterrupt(void)
                 ; 0000 001D {
                 _myInterrupt:
                 ; .FSTART _myInterrupt
0000fc 920a      	ST   -Y,R0
0000fd 921a      	ST   -Y,R1
0000fe 92fa      	ST   -Y,R15
0000ff 936a      	ST   -Y,R22
000100 937a      	ST   -Y,R23
000101 938a      	ST   -Y,R24
000102 939a      	ST   -Y,R25
000103 93aa      	ST   -Y,R26
000104 93ba      	ST   -Y,R27
000105 93ea      	ST   -Y,R30
000106 93fa      	ST   -Y,R31
000107 b7ef      	IN   R30,SREG
000108 93ea      	ST   -Y,R30
                 ; 0000 001E     recData[i] = getchar();     //Get Character from UDR
000109 2de5      	MOV  R30,R5
00010a e0f0      	LDI  R31,0
00010b 54e0      	SUBI R30,LOW(-_recData)
00010c 4ffc      	SBCI R31,HIGH(-_recData)
00010d 93ff      	PUSH R31
00010e 93ef      	PUSH R30
00010f 940e 02bc 	CALL _getchar
000111 91af      	POP  R26
000112 91bf      	POP  R27
000113 93ec      	ST   X,R30
                 ; 0000 001F 
                 ; 0000 0020     i++;
000114 9453      	INC  R5
                 ; 0000 0021     if(i>=32)
000115 e2e0      	LDI  R30,LOW(32)
000116 165e      	CP   R5,R30
000117 f008      	BRLO _0x6
                 ; 0000 0022     {
                 ; 0000 0023 //        lcd_clear();
                 ; 0000 0024 //        lcd_gotoxy(0,0);
                 ; 0000 0025 //        lcd_puts(recData);
                 ; 0000 0026 //        lcd_gotoxy(0,1);
                 ; 0000 0027 //        lcd_puts("Sth Received");
                 ; 0000 0028         //delay_ms(2000);
                 ; 0000 0029 //        b=1;
                 ; 0000 002A         i=0;
000118 2455      	CLR  R5
                 ; 0000 002B     }
                 ; 0000 002C }
                 _0x6:
000119 91e9      	LD   R30,Y+
00011a bfef      	OUT  SREG,R30
00011b 91f9      	LD   R31,Y+
00011c 91e9      	LD   R30,Y+
00011d 91b9      	LD   R27,Y+
00011e 91a9      	LD   R26,Y+
00011f 9199      	LD   R25,Y+
000120 9189      	LD   R24,Y+
000121 9179      	LD   R23,Y+
000122 9169      	LD   R22,Y+
000123 90f9      	LD   R15,Y+
000124 9019      	LD   R1,Y+
000125 9009      	LD   R0,Y+
000126 9518      	RETI
                 ; .FEND
                 ;
                 ;void main(void)
                 ; 0000 002F {
                 _main:
                 ; .FSTART _main
                 ; 0000 0030 int j=0;
                 ; 0000 0031 // Port B initialization
                 ; 0000 0032 // Function: Bit7=In Bit6=In Bit5=In Bit4=In Bit3=In Bit2=In Bit1=In Bit0=In
                 ; 0000 0033 DDRB=(0<<DDB7) | (1<<DDB6) | (1<<DDB5) | (0<<DDB4) | (0<<DDB3) | (0<<DDB2) | (0<<DDB1) | (0<<DDB0);
                 ;	j -> R16,R17
                +
000127 e000     +LDI R16 , LOW ( 0 )
000128 e010     +LDI R17 , HIGH ( 0 )
                 	__GETWRN 16,17,0
000129 e6e0      	LDI  R30,LOW(96)
00012a bbe7      	OUT  0x17,R30
                 ; 0000 0034 // State: Bit7=T Bit6=T Bit5=T Bit4=T Bit3=T Bit2=T Bit1=T Bit0=T
                 ; 0000 0035 PORTB=(0<<PORTB7) | (0<<PORTB6) | (0<<PORTB5) | (0<<PORTB4) | (0<<PORTB3) | (0<<PORTB2) | (0<<PORTB1) | (0<<PORTB0);
00012b e0e0      	LDI  R30,LOW(0)
00012c bbe8      	OUT  0x18,R30
                 ; 0000 0036 
                 ; 0000 0037 
                 ; 0000 0038 // External Interrupt(s) initialization
                 ; 0000 0039 // INT0: Off
                 ; 0000 003A // INT1: Off
                 ; 0000 003B // INT2: Off
                 ; 0000 003C MCUCR=(0<<ISC11) | (0<<ISC10) | (0<<ISC01) | (0<<ISC00);
00012d bfe5      	OUT  0x35,R30
                 ; 0000 003D MCUCSR=(0<<ISC2);
00012e bfe4      	OUT  0x34,R30
                 ; 0000 003E 
                 ; 0000 003F // USART initialization
                 ; 0000 0040 // Communication Parameters: 8 Data, 1 Stop, No Parity
                 ; 0000 0041 // USART Receiver: On
                 ; 0000 0042 // USART Transmitter: On
                 ; 0000 0043 // USART Mode: Asynchronous
                 ; 0000 0044 // USART Baud Rate: 38400
                 ; 0000 0045 UCSRA=(0<<RXC) | (0<<TXC) | (0<<UDRE) | (0<<FE) | (0<<DOR) | (0<<UPE) | (0<<U2X) | (0<<MPCM);
00012f b9eb      	OUT  0xB,R30
                 ; 0000 0046 UCSRB=(1<<RXCIE) | (0<<TXCIE) | (0<<UDRIE) | (1<<RXEN) | (1<<TXEN) | (0<<UCSZ2) | (0<<RXB8) | (0<<TXB8);
000130 e9e8      	LDI  R30,LOW(152)
000131 b9ea      	OUT  0xA,R30
                 ; 0000 0047 UCSRC=(1<<URSEL) | (0<<UMSEL) | (0<<UPM1) | (0<<UPM0) | (0<<USBS) | (1<<UCSZ1) | (1<<UCSZ0) | (0<<UCPOL);
000132 e8e6      	LDI  R30,LOW(134)
000133 bde0      	OUT  0x20,R30
                 ; 0000 0048 UBRRH=0x00;
000134 e0e0      	LDI  R30,LOW(0)
000135 bde0      	OUT  0x20,R30
                 ; 0000 0049 UBRRL=0x19;
000136 e1e9      	LDI  R30,LOW(25)
000137 b9e9      	OUT  0x9,R30
                 ; 0000 004A 
                 ; 0000 004B 
                 ; 0000 004C // Alphanumeric LCD initialization
                 ; 0000 004D // Connections are specified in the
                 ; 0000 004E // Project|Configure|C Compiler|Libraries|Alphanumeric LCD menu:
                 ; 0000 004F // RS - PORTA Bit 0
                 ; 0000 0050 // RD - PORTA Bit 1
                 ; 0000 0051 // EN - PORTA Bit 2
                 ; 0000 0052 // D4 - PORTA Bit 4
                 ; 0000 0053 // D5 - PORTA Bit 5
                 ; 0000 0054 // D6 - PORTA Bit 6
                 ; 0000 0055 // D7 - PORTA Bit 7
                 ; 0000 0056 // Characters/line: 16
                 ; 0000 0057 lcd_init(16);
000138 e1a0      	LDI  R26,LOW(16)
000139 d13b      	RCALL _lcd_init
                 ; 0000 0058 strcpy(at, "AT\r\n");
00013a e1ee      	LDI  R30,LOW(_at)
00013b e0f3      	LDI  R31,HIGH(_at)
00013c 93fa      	ST   -Y,R31
00013d 93ea      	ST   -Y,R30
                +
00013e e6a0     +LDI R26 , LOW ( _0x7 + ( 0 ) )
00013f e0b2     +LDI R27 , HIGH ( _0x7 + ( 0 ) )
                 	__POINTW2MN _0x7,0
000140 940e 02a3 	CALL _strcpy
                 ; 0000 0059 strcpy(at_rmaad, "AT+RMAAD\r\n");
000142 e2e4      	LDI  R30,LOW(_at_rmaad)
000143 e0f3      	LDI  R31,HIGH(_at_rmaad)
000144 93fa      	ST   -Y,R31
000145 93ea      	ST   -Y,R30
                +
000146 e6a5     +LDI R26 , LOW ( _0x7 + ( 5 ) )
000147 e0b2     +LDI R27 , HIGH ( _0x7 + ( 5 ) )
                 	__POINTW2MN _0x7,5
000148 940e 02a3 	CALL _strcpy
                 ; 0000 005A 
                 ; 0000 005B strcpy(at_bind_A, "AT+BIND=98D3,A1,F5B548\r\n");
00014a e3e0      	LDI  R30,LOW(_at_bind_A)
00014b e0f3      	LDI  R31,HIGH(_at_bind_A)
00014c 93fa      	ST   -Y,R31
00014d 93ea      	ST   -Y,R30
                +
00014e e7a0     +LDI R26 , LOW ( _0x7 + ( 16 ) )
00014f e0b2     +LDI R27 , HIGH ( _0x7 + ( 16 ) )
                 	__POINTW2MN _0x7,16
000150 940e 02a3 	CALL _strcpy
                 ; 0000 005C strcpy(at_bind_B, "AT+BIND=98D3,21,F73B81\r\n");
000152 e4ea      	LDI  R30,LOW(_at_bind_B)
000153 e0f3      	LDI  R31,HIGH(_at_bind_B)
000154 93fa      	ST   -Y,R31
000155 93ea      	ST   -Y,R30
                +
000156 e8a9     +LDI R26 , LOW ( _0x7 + ( 41 ) )
000157 e0b2     +LDI R27 , HIGH ( _0x7 + ( 41 ) )
                 	__POINTW2MN _0x7,41
000158 940e 02a3 	CALL _strcpy
                 ; 0000 005D 
                 ; 0000 005E strcpy(at_init, "AT+INIT\r\n");
00015a e6e4      	LDI  R30,LOW(_at_init)
00015b e0f3      	LDI  R31,HIGH(_at_init)
00015c 93fa      	ST   -Y,R31
00015d 93ea      	ST   -Y,R30
                +
00015e eaa2     +LDI R26 , LOW ( _0x7 + ( 66 ) )
00015f e0b2     +LDI R27 , HIGH ( _0x7 + ( 66 ) )
                 	__POINTW2MN _0x7,66
000160 940e 02a3 	CALL _strcpy
                 ; 0000 005F strcpy(at_inq, "AT+INQ\r\n");
000162 e6ef      	LDI  R30,LOW(_at_inq)
000163 e0f3      	LDI  R31,HIGH(_at_inq)
000164 93fa      	ST   -Y,R31
000165 93ea      	ST   -Y,R30
                +
000166 eaac     +LDI R26 , LOW ( _0x7 + ( 76 ) )
000167 e0b2     +LDI R27 , HIGH ( _0x7 + ( 76 ) )
                 	__POINTW2MN _0x7,76
000168 940e 02a3 	CALL _strcpy
                 ; 0000 0060 
                 ; 0000 0061 strcpy(at_link_A, "AT+LINK=98D3,A1,F5B548\r\n");
00016a e7e9      	LDI  R30,LOW(_at_link_A)
00016b e0f3      	LDI  R31,HIGH(_at_link_A)
00016c 93fa      	ST   -Y,R31
00016d 93ea      	ST   -Y,R30
                +
00016e eba5     +LDI R26 , LOW ( _0x7 + ( 85 ) )
00016f e0b2     +LDI R27 , HIGH ( _0x7 + ( 85 ) )
                 	__POINTW2MN _0x7,85
000170 940e 02a3 	CALL _strcpy
                 ; 0000 0062 strcpy(at_link_B, "AT+LINK=98D3,21,F73B81\r\n");
000172 e9e3      	LDI  R30,LOW(_at_link_B)
000173 e0f3      	LDI  R31,HIGH(_at_link_B)
000174 93fa      	ST   -Y,R31
000175 93ea      	ST   -Y,R30
                +
000176 ecae     +LDI R26 , LOW ( _0x7 + ( 110 ) )
000177 e0b2     +LDI R27 , HIGH ( _0x7 + ( 110 ) )
                 	__POINTW2MN _0x7,110
000178 940e 02a3 	CALL _strcpy
                 ; 0000 0063 
                 ; 0000 0064 strcpy(dicson, "AT+DISC\r\n");
00017a eaed      	LDI  R30,LOW(_dicson)
00017b e0f3      	LDI  R31,HIGH(_dicson)
00017c 93fa      	ST   -Y,R31
00017d 93ea      	ST   -Y,R30
                +
00017e eea7     +LDI R26 , LOW ( _0x7 + ( 135 ) )
00017f e0b2     +LDI R27 , HIGH ( _0x7 + ( 135 ) )
                 	__POINTW2MN _0x7,135
000180 940e 02a3 	CALL _strcpy
                 ; 0000 0065 strcpy(at_state, "AT+STATE\r\n");
000182 ebe4      	LDI  R30,LOW(_at_state)
000183 e0f3      	LDI  R31,HIGH(_at_state)
000184 93fa      	ST   -Y,R31
000185 93ea      	ST   -Y,R30
                +
000186 efa1     +LDI R26 , LOW ( _0x7 + ( 145 ) )
000187 e0b2     +LDI R27 , HIGH ( _0x7 + ( 145 ) )
                 	__POINTW2MN _0x7,145
000188 940e 02a3 	CALL _strcpy
                 ; 0000 0066 
                 ; 0000 0067 PORTB.5=1;
00018a 9ac5      	SBI  0x18,5
                 ; 0000 0068 // Global enable interrupts
                 ; 0000 0069 #asm("sei")
00018b 9478      	sei
                 ; 0000 006A 
                 ; 0000 006B while (1)
                 _0xA:
                 ; 0000 006C       {
                 ; 0000 006D       // Place your code here
                 ; 0000 006E 
                 ; 0000 006F             //UCSRB=(0<<RXCIE)|(0<<RXEN);
                 ; 0000 0070             PORTB.6=0;
00018c 940e 02c0 	CALL SUBOPT_0x0
                 ; 0000 0071             PORTB.5=0;
                 ; 0000 0072             delay_ms(200);
                 ; 0000 0073 
                 ; 0000 0074 
                 ; 0000 0075             PORTB.6=1;
00018e 9ac6      	SBI  0x18,6
                 ; 0000 0076             delay_ms(100);
00018f 940e 02c6 	CALL SUBOPT_0x1
                 ; 0000 0077             PORTB.5=1;
000191 9ac5      	SBI  0x18,5
                 ; 0000 0078 
                 ; 0000 0079             for (j=0; j<strlen(at); j++)
                +
000192 e000     +LDI R16 , LOW ( 0 )
000193 e010     +LDI R17 , HIGH ( 0 )
                 	__GETWRN 16,17,0
                 _0x16:
000194 e1ae      	LDI  R26,LOW(_at)
000195 e0b3      	LDI  R27,HIGH(_at)
000196 940e 02ca 	CALL SUBOPT_0x2
000198 f438      	BRSH _0x17
                 ; 0000 007A             {
                 ; 0000 007B                 usart_transmit(at[j]);
000199 e1ae      	LDI  R26,LOW(_at)
00019a e0b3      	LDI  R27,HIGH(_at)
00019b 940e 02cf 	CALL SUBOPT_0x3
                 ; 0000 007C             }
                +
00019d 5f0f     +SUBI R16 , LOW ( - 1 )
00019e 4f1f     +SBCI R17 , HIGH ( - 1 )
                 	__ADDWRN 16,17,1
00019f cff4      	RJMP _0x16
                 _0x17:
                 ; 0000 007D             delay_ms(100);
0001a0 940e 02c6 	CALL SUBOPT_0x1
                 ; 0000 007E 
                 ; 0000 007F             lcd_clear();
0001a2 940e 02d4 	CALL SUBOPT_0x4
                 ; 0000 0080             lcd_gotoxy(0,0);
                 ; 0000 0081             lcd_puts(recData);
                 ; 0000 0082             delay_ms(5000);
                 ; 0000 0083 
                 ; 0000 0084             for (j=0; j<strlen(at_rmaad); j++)
                 _0x19:
0001a4 e2a4      	LDI  R26,LOW(_at_rmaad)
0001a5 e0b3      	LDI  R27,HIGH(_at_rmaad)
0001a6 940e 02ca 	CALL SUBOPT_0x2
0001a8 f438      	BRSH _0x1A
                 ; 0000 0085             {
                 ; 0000 0086                 usart_transmit(at_rmaad[j]);
0001a9 e2a4      	LDI  R26,LOW(_at_rmaad)
0001aa e0b3      	LDI  R27,HIGH(_at_rmaad)
0001ab 940e 02cf 	CALL SUBOPT_0x3
                 ; 0000 0087             }
                +
0001ad 5f0f     +SUBI R16 , LOW ( - 1 )
0001ae 4f1f     +SBCI R17 , HIGH ( - 1 )
                 	__ADDWRN 16,17,1
0001af cff4      	RJMP _0x19
                 _0x1A:
                 ; 0000 0088             delay_ms(100);
0001b0 940e 02c6 	CALL SUBOPT_0x1
                 ; 0000 0089             lcd_clear();
0001b2 940e 02d4 	CALL SUBOPT_0x4
                 ; 0000 008A             lcd_gotoxy(0,0);
                 ; 0000 008B             lcd_puts(recData);
                 ; 0000 008C             delay_ms(5000);
                 ; 0000 008D 
                 ; 0000 008E             for (j=0; j<strlen(at_bind_B); j++)
                 _0x1C:
0001b4 e4aa      	LDI  R26,LOW(_at_bind_B)
0001b5 e0b3      	LDI  R27,HIGH(_at_bind_B)
0001b6 940e 02ca 	CALL SUBOPT_0x2
0001b8 f438      	BRSH _0x1D
                 ; 0000 008F             {
                 ; 0000 0090                 usart_transmit(at_bind_B[j]);
0001b9 e4aa      	LDI  R26,LOW(_at_bind_B)
0001ba e0b3      	LDI  R27,HIGH(_at_bind_B)
0001bb 940e 02cf 	CALL SUBOPT_0x3
                 ; 0000 0091             }
                +
0001bd 5f0f     +SUBI R16 , LOW ( - 1 )
0001be 4f1f     +SBCI R17 , HIGH ( - 1 )
                 	__ADDWRN 16,17,1
0001bf cff4      	RJMP _0x1C
                 _0x1D:
                 ; 0000 0092             delay_ms(100);
0001c0 940e 02c6 	CALL SUBOPT_0x1
                 ; 0000 0093             lcd_clear();
0001c2 940e 02d4 	CALL SUBOPT_0x4
                 ; 0000 0094             lcd_gotoxy(0,0);
                 ; 0000 0095             lcd_puts(recData);
                 ; 0000 0096             delay_ms(5000);
                 ; 0000 0097 
                 ; 0000 0098             for (j=0; j<strlen(at_init); j++)
                 _0x1F:
0001c4 e6a4      	LDI  R26,LOW(_at_init)
0001c5 e0b3      	LDI  R27,HIGH(_at_init)
0001c6 940e 02ca 	CALL SUBOPT_0x2
0001c8 f438      	BRSH _0x20
                 ; 0000 0099             {
                 ; 0000 009A                 usart_transmit(at_init[j]);
0001c9 e6a4      	LDI  R26,LOW(_at_init)
0001ca e0b3      	LDI  R27,HIGH(_at_init)
0001cb 940e 02cf 	CALL SUBOPT_0x3
                 ; 0000 009B             }
                +
0001cd 5f0f     +SUBI R16 , LOW ( - 1 )
0001ce 4f1f     +SBCI R17 , HIGH ( - 1 )
                 	__ADDWRN 16,17,1
0001cf cff4      	RJMP _0x1F
                 _0x20:
                 ; 0000 009C             delay_ms(100);
0001d0 940e 02c6 	CALL SUBOPT_0x1
                 ; 0000 009D             lcd_clear();
0001d2 940e 02d4 	CALL SUBOPT_0x4
                 ; 0000 009E             lcd_gotoxy(0,0);
                 ; 0000 009F             lcd_puts(recData);
                 ; 0000 00A0             delay_ms(5000);
                 ; 0000 00A1 
                 ; 0000 00A2             for (j=0; j<strlen(at_inq); j++)
                 _0x22:
0001d4 e6af      	LDI  R26,LOW(_at_inq)
0001d5 e0b3      	LDI  R27,HIGH(_at_inq)
0001d6 940e 02ca 	CALL SUBOPT_0x2
0001d8 f438      	BRSH _0x23
                 ; 0000 00A3             {
                 ; 0000 00A4                 usart_transmit(at_inq[j]);
0001d9 e6af      	LDI  R26,LOW(_at_inq)
0001da e0b3      	LDI  R27,HIGH(_at_inq)
0001db 940e 02cf 	CALL SUBOPT_0x3
                 ; 0000 00A5             }
                +
0001dd 5f0f     +SUBI R16 , LOW ( - 1 )
0001de 4f1f     +SBCI R17 , HIGH ( - 1 )
                 	__ADDWRN 16,17,1
0001df cff4      	RJMP _0x22
                 _0x23:
                 ; 0000 00A6             delay_ms(100);
0001e0 940e 02c6 	CALL SUBOPT_0x1
                 ; 0000 00A7             lcd_clear();
0001e2 940e 02d4 	CALL SUBOPT_0x4
                 ; 0000 00A8             lcd_gotoxy(0,0);
                 ; 0000 00A9             lcd_puts(recData);
                 ; 0000 00AA             delay_ms(5000);
                 ; 0000 00AB 
                 ; 0000 00AC             for (j=0; j<strlen(at_link_B); j++)
                 _0x25:
0001e4 e9a3      	LDI  R26,LOW(_at_link_B)
0001e5 e0b3      	LDI  R27,HIGH(_at_link_B)
0001e6 940e 02ca 	CALL SUBOPT_0x2
0001e8 f438      	BRSH _0x26
                 ; 0000 00AD             {
                 ; 0000 00AE                 usart_transmit(at_link_B[j]);
0001e9 e9a3      	LDI  R26,LOW(_at_link_B)
0001ea e0b3      	LDI  R27,HIGH(_at_link_B)
0001eb 940e 02cf 	CALL SUBOPT_0x3
                 ; 0000 00AF             }
                +
0001ed 5f0f     +SUBI R16 , LOW ( - 1 )
0001ee 4f1f     +SBCI R17 , HIGH ( - 1 )
                 	__ADDWRN 16,17,1
0001ef cff4      	RJMP _0x25
                 _0x26:
                 ; 0000 00B0             delay_ms(100);
0001f0 940e 02c6 	CALL SUBOPT_0x1
                 ; 0000 00B1             lcd_clear();
0001f2 940e 02e6 	CALL SUBOPT_0x5
                 ; 0000 00B2             lcd_gotoxy(0,0);
                 ; 0000 00B3             lcd_puts(recData);
0001f4 eca0      	LDI  R26,LOW(_recData)
0001f5 e0b3      	LDI  R27,HIGH(_recData)
0001f6 d06d      	RCALL _lcd_puts
                 ; 0000 00B4             delay_ms(5000);
0001f7 e8a8      	LDI  R26,LOW(5000)
0001f8 e1b3      	LDI  R27,HIGH(5000)
0001f9 940e 02f9 	CALL _delay_ms
                 ; 0000 00B5 
                 ; 0000 00B6             PORTB.6=0;
0001fb 940e 02c0 	CALL SUBOPT_0x0
                 ; 0000 00B7             PORTB.5=0;
                 ; 0000 00B8 
                 ; 0000 00B9             delay_ms(200);
                 ; 0000 00BA             PORTB.5=1;
0001fd 9ac5      	SBI  0x18,5
                 ; 0000 00BB             while(PINB.7==0)
                 _0x2D:
0001fe 99b7      	SBIC 0x16,7
0001ff c008      	RJMP _0x2F
                 ; 0000 00BC             {
                 ; 0000 00BD                 lcd_clear();
000200 940e 02e6 	CALL SUBOPT_0x5
                 ; 0000 00BE                 lcd_gotoxy(0,0);
                 ; 0000 00BF                 lcd_puts("No B.tooth Con.");
                +
000202 efac     +LDI R26 , LOW ( _0x7 + ( 156 ) )
000203 e0b2     +LDI R27 , HIGH ( _0x7 + ( 156 ) )
                 	__POINTW2MN _0x7,156
000204 d05f      	RCALL _lcd_puts
                 ; 0000 00C0                 delay_ms(3);
000205 940e 02ed 	CALL SUBOPT_0x6
                 ; 0000 00C1             }
000207 cff6      	RJMP _0x2D
                 _0x2F:
                 ; 0000 00C2 
                 ; 0000 00C3             lcd_clear();
000208 940e 02e6 	CALL SUBOPT_0x5
                 ; 0000 00C4             lcd_gotoxy(0,0);
                 ; 0000 00C5             lcd_puts("B.tooth Connected");
                +
00020a e0ac     +LDI R26 , LOW ( _0x7 + ( 172 ) )
00020b e0b3     +LDI R27 , HIGH ( _0x7 + ( 172 ) )
                 	__POINTW2MN _0x7,172
00020c d057      	RCALL _lcd_puts
                 ; 0000 00C6             delay_ms(10000);
00020d e1a0      	LDI  R26,LOW(10000)
00020e e2b7      	LDI  R27,HIGH(10000)
00020f 940e 02f9 	CALL _delay_ms
                 ; 0000 00C7       }
000211 cf7a      	RJMP _0xA
                 ; 0000 00C8 }
                 _0x30:
000212 cfff      	RJMP _0x30
                 ; .FEND
                 
                 	.DSEG
                 _0x7:
000260           	.BYTE 0xBE
                 	#ifndef __SLEEP_DEFINED__
                 	#endif
                 
                 	.DSEG
                 
                 	.CSEG
                 __lcd_write_nibble_G100:
                 ; .FSTART __lcd_write_nibble_G100
000213 93aa      	ST   -Y,R26
000214 b3eb      	IN   R30,0x1B
000215 70ef      	ANDI R30,LOW(0xF)
000216 2fae      	MOV  R26,R30
000217 81e8      	LD   R30,Y
000218 7fe0      	ANDI R30,LOW(0xF0)
000219 2bea      	OR   R30,R26
00021a bbeb      	OUT  0x1B,R30
                +
00021b e18b     +LDI R24 , LOW ( 27 )
                +__DELAY_USB_LOOP :
00021c 958a     +DEC R24
00021d f7f1     +BRNE __DELAY_USB_LOOP
                 	__DELAY_USB 27
00021e 9ada      	SBI  0x1B,2
                +
00021f e18b     +LDI R24 , LOW ( 27 )
                +__DELAY_USB_LOOP :
000220 958a     +DEC R24
000221 f7f1     +BRNE __DELAY_USB_LOOP
                 	__DELAY_USB 27
000222 98da      	CBI  0x1B,2
                +
000223 e18b     +LDI R24 , LOW ( 27 )
                +__DELAY_USB_LOOP :
000224 958a     +DEC R24
000225 f7f1     +BRNE __DELAY_USB_LOOP
                 	__DELAY_USB 27
000226 c07a      	RJMP _0x20C0001
                 ; .FEND
                 __lcd_write_data:
                 ; .FSTART __lcd_write_data
000227 93aa      	ST   -Y,R26
000228 81a8      	LD   R26,Y
000229 dfe9      	RCALL __lcd_write_nibble_G100
00022a 81e8          ld    r30,y
00022b 95e2          swap  r30
00022c 83e8          st    y,r30
00022d 81a8      	LD   R26,Y
00022e dfe4      	RCALL __lcd_write_nibble_G100
                +
00022f ec88     +LDI R24 , LOW ( 200 )
000230 e090     +LDI R25 , HIGH ( 200 )
                +__DELAY_USW_LOOP :
000231 9701     +SBIW R24 , 1
000232 f7f1     +BRNE __DELAY_USW_LOOP
                 	__DELAY_USW 200
000233 c06d      	RJMP _0x20C0001
                 ; .FEND
                 _lcd_gotoxy:
                 ; .FSTART _lcd_gotoxy
000234 93aa      	ST   -Y,R26
000235 81e8      	LD   R30,Y
000236 e0f0      	LDI  R31,0
000237 52e0      	SUBI R30,LOW(-__base_y_G100)
000238 4ffc      	SBCI R31,HIGH(-__base_y_G100)
000239 81e0      	LD   R30,Z
00023a 81a9      	LDD  R26,Y+1
00023b 0fae      	ADD  R26,R30
00023c dfea      	RCALL __lcd_write_data
00023d 8079      	LDD  R7,Y+1
00023e 8068      	LDD  R6,Y+0
00023f 9622      	ADIW R28,2
000240 9508      	RET
                 ; .FEND
                 _lcd_clear:
                 ; .FSTART _lcd_clear
000241 e0a2      	LDI  R26,LOW(2)
000242 dfe4      	RCALL __lcd_write_data
000243 940e 02ed 	CALL SUBOPT_0x6
000245 e0ac      	LDI  R26,LOW(12)
000246 dfe0      	RCALL __lcd_write_data
000247 e0a1      	LDI  R26,LOW(1)
000248 dfde      	RCALL __lcd_write_data
000249 940e 02ed 	CALL SUBOPT_0x6
00024b e0e0      	LDI  R30,LOW(0)
00024c 2e6e      	MOV  R6,R30
00024d 2e7e      	MOV  R7,R30
00024e 9508      	RET
                 ; .FEND
                 _lcd_putchar:
                 ; .FSTART _lcd_putchar
00024f 93aa      	ST   -Y,R26
000250 81a8      	LD   R26,Y
000251 30aa      	CPI  R26,LOW(0xA)
000252 f011      	BREQ _0x2000005
000253 1479      	CP   R7,R9
000254 f048      	BRLO _0x2000004
                 _0x2000005:
000255 e0e0      	LDI  R30,LOW(0)
000256 93ea      	ST   -Y,R30
000257 9463      	INC  R6
000258 2da6      	MOV  R26,R6
000259 dfda      	RCALL _lcd_gotoxy
00025a 81a8      	LD   R26,Y
00025b 30aa      	CPI  R26,LOW(0xA)
00025c f409      	BRNE _0x2000007
00025d c043      	RJMP _0x20C0001
                 _0x2000007:
                 _0x2000004:
00025e 9473      	INC  R7
00025f 9ad8      	SBI  0x1B,0
000260 81a8      	LD   R26,Y
000261 dfc5      	RCALL __lcd_write_data
000262 98d8      	CBI  0x1B,0
000263 c03d      	RJMP _0x20C0001
                 ; .FEND
                 _lcd_puts:
                 ; .FSTART _lcd_puts
000264 93ba      	ST   -Y,R27
000265 93aa      	ST   -Y,R26
000266 931a      	ST   -Y,R17
                 _0x2000008:
000267 81a9      	LDD  R26,Y+1
000268 81ba      	LDD  R27,Y+1+1
000269 91ed      	LD   R30,X+
00026a 83a9      	STD  Y+1,R26
00026b 83ba      	STD  Y+1+1,R27
00026c 2f1e      	MOV  R17,R30
00026d 30e0      	CPI  R30,0
00026e f019      	BREQ _0x200000A
00026f 2fa1      	MOV  R26,R17
000270 dfde      	RCALL _lcd_putchar
000271 cff5      	RJMP _0x2000008
                 _0x200000A:
000272 8118      	LDD  R17,Y+0
000273 9623      	ADIW R28,3
000274 9508      	RET
                 ; .FEND
                 _lcd_init:
                 ; .FSTART _lcd_init
000275 93aa      	ST   -Y,R26
000276 b3ea      	IN   R30,0x1A
000277 6fe0      	ORI  R30,LOW(0xF0)
000278 bbea      	OUT  0x1A,R30
000279 9ad2      	SBI  0x1A,2
00027a 9ad0      	SBI  0x1A,0
00027b 9ad1      	SBI  0x1A,1
00027c 98da      	CBI  0x1B,2
00027d 98d8      	CBI  0x1B,0
00027e 98d9      	CBI  0x1B,1
00027f 8098      	LDD  R9,Y+0
000280 81e8      	LD   R30,Y
000281 58e0      	SUBI R30,-LOW(128)
                +
000282 93e0 03e2+STS __base_y_G100 + ( 2 ) , R30
                 	__PUTB1MN __base_y_G100,2
000284 81e8      	LD   R30,Y
000285 54e0      	SUBI R30,-LOW(192)
                +
000286 93e0 03e3+STS __base_y_G100 + ( 3 ) , R30
                 	__PUTB1MN __base_y_G100,3
000288 e1a4      	LDI  R26,LOW(20)
000289 e0b0      	LDI  R27,0
00028a 940e 02f9 	CALL _delay_ms
00028c 940e 02f1 	CALL SUBOPT_0x7
00028e 940e 02f1 	CALL SUBOPT_0x7
000290 940e 02f1 	CALL SUBOPT_0x7
000292 e2a0      	LDI  R26,LOW(32)
000293 df7f      	RCALL __lcd_write_nibble_G100
                +
000294 e980     +LDI R24 , LOW ( 400 )
000295 e091     +LDI R25 , HIGH ( 400 )
                +__DELAY_USW_LOOP :
000296 9701     +SBIW R24 , 1
000297 f7f1     +BRNE __DELAY_USW_LOOP
                 	__DELAY_USW 400
000298 e2a8      	LDI  R26,LOW(40)
000299 df8d      	RCALL __lcd_write_data
00029a e0a4      	LDI  R26,LOW(4)
00029b df8b      	RCALL __lcd_write_data
00029c e8a5      	LDI  R26,LOW(133)
00029d df89      	RCALL __lcd_write_data
00029e e0a6      	LDI  R26,LOW(6)
00029f df87      	RCALL __lcd_write_data
0002a0 dfa0      	RCALL _lcd_clear
                 _0x20C0001:
0002a1 9621      	ADIW R28,1
0002a2 9508      	RET
                 ; .FEND
                 
                 	.CSEG
                 _strcpy:
                 ; .FSTART _strcpy
0002a3 93ba      	ST   -Y,R27
0002a4 93aa      	ST   -Y,R26
0002a5 91e9          ld   r30,y+
0002a6 91f9          ld   r31,y+
0002a7 91a9          ld   r26,y+
0002a8 91b9          ld   r27,y+
0002a9 01cd          movw r24,r26
                 strcpy0:
0002aa 9161          ld   r22,z+
0002ab 936d          st   x+,r22
0002ac 2366          tst  r22
0002ad f7e1          brne strcpy0
0002ae 01fc          movw r30,r24
0002af 9508          ret
                 ; .FEND
                 _strlen:
                 ; .FSTART _strlen
0002b0 93ba      	ST   -Y,R27
0002b1 93aa      	ST   -Y,R26
0002b2 91a9          ld   r26,y+
0002b3 91b9          ld   r27,y+
0002b4 27ee          clr  r30
0002b5 27ff          clr  r31
                 strlen0:
0002b6 916d          ld   r22,x+
0002b7 2366          tst  r22
0002b8 f011          breq strlen1
0002b9 9631          adiw r30,1
0002ba cffb          rjmp strlen0
                 strlen1:
0002bb 9508          ret
                 ; .FEND
                 
                 	.CSEG
                 
                 	.DSEG
                 
                 	.CSEG
                 	#ifndef __SLEEP_DEFINED__
                 	#endif
                 
                 	.CSEG
                 _getchar:
                 ; .FSTART _getchar
                 getchar0:
0002bc 9b5f           sbis usr,rxc
0002bd cffe           rjmp getchar0
0002be b1ec           in   r30,udr
0002bf 9508      	RET
                 ; .FEND
                 
                 	.CSEG
                 
                 	.CSEG
                 
                 	.DSEG
                 _at:
00031e           	.BYTE 0x6
                 _at_rmaad:
000324           	.BYTE 0xC
                 _at_bind_A:
000330           	.BYTE 0x1A
                 _at_bind_B:
00034a           	.BYTE 0x1A
                 _at_init:
000364           	.BYTE 0xB
                 _at_inq:
00036f           	.BYTE 0xA
                 _at_link_A:
000379           	.BYTE 0x1A
                 _at_link_B:
000393           	.BYTE 0x1A
                 _dicson:
0003ad           	.BYTE 0x7
                 _at_state:
0003b4           	.BYTE 0xC
                 _recData:
0003c0           	.BYTE 0x20
                 __base_y_G100:
0003e0           	.BYTE 0x4
                 __seed_G102:
0003e4           	.BYTE 0x4
                 
                 	.CSEG
                 ;OPTIMIZER ADDED SUBROUTINE, CALLED 2 TIMES, CODE SIZE REDUCTION:1 WORDS
                 SUBOPT_0x0:
0002c0 98c6      	CBI  0x18,6
0002c1 98c5      	CBI  0x18,5
0002c2 eca8      	LDI  R26,LOW(200)
0002c3 e0b0      	LDI  R27,0
0002c4 940c 02f9 	JMP  _delay_ms
                 
                 ;OPTIMIZER ADDED SUBROUTINE, CALLED 7 TIMES, CODE SIZE REDUCTION:9 WORDS
                 SUBOPT_0x1:
0002c6 e6a4      	LDI  R26,LOW(100)
0002c7 e0b0      	LDI  R27,0
0002c8 940c 02f9 	JMP  _delay_ms
                 
                 ;OPTIMIZER ADDED SUBROUTINE, CALLED 6 TIMES, CODE SIZE REDUCTION:7 WORDS
                 SUBOPT_0x2:
0002ca 940e 02b0 	CALL _strlen
0002cc 170e      	CP   R16,R30
0002cd 071f      	CPC  R17,R31
0002ce 9508      	RET
                 
                 ;OPTIMIZER ADDED SUBROUTINE, CALLED 6 TIMES, CODE SIZE REDUCTION:12 WORDS
                 SUBOPT_0x3:
0002cf 0fa0      	ADD  R26,R16
0002d0 1fb1      	ADC  R27,R17
0002d1 91ac      	LD   R26,X
0002d2 940c 00f5 	JMP  _usart_transmit
                 
                 ;OPTIMIZER ADDED SUBROUTINE, CALLED 5 TIMES, CODE SIZE REDUCTION:57 WORDS
                 SUBOPT_0x4:
0002d4 940e 0241 	CALL _lcd_clear
0002d6 e0e0      	LDI  R30,LOW(0)
0002d7 93ea      	ST   -Y,R30
0002d8 e0a0      	LDI  R26,LOW(0)
0002d9 940e 0234 	CALL _lcd_gotoxy
0002db eca0      	LDI  R26,LOW(_recData)
0002dc e0b3      	LDI  R27,HIGH(_recData)
0002dd 940e 0264 	CALL _lcd_puts
0002df e8a8      	LDI  R26,LOW(5000)
0002e0 e1b3      	LDI  R27,HIGH(5000)
0002e1 940e 02f9 	CALL _delay_ms
                +
0002e3 e000     +LDI R16 , LOW ( 0 )
0002e4 e010     +LDI R17 , HIGH ( 0 )
                 	__GETWRN 16,17,0
0002e5 9508      	RET
                 
                 ;OPTIMIZER ADDED SUBROUTINE, CALLED 3 TIMES, CODE SIZE REDUCTION:7 WORDS
                 SUBOPT_0x5:
0002e6 940e 0241 	CALL _lcd_clear
0002e8 e0e0      	LDI  R30,LOW(0)
0002e9 93ea      	ST   -Y,R30
0002ea e0a0      	LDI  R26,LOW(0)
0002eb 940c 0234 	JMP  _lcd_gotoxy
                 
                 ;OPTIMIZER ADDED SUBROUTINE, CALLED 3 TIMES, CODE SIZE REDUCTION:1 WORDS
                 SUBOPT_0x6:
0002ed e0a3      	LDI  R26,LOW(3)
0002ee e0b0      	LDI  R27,0
0002ef 940c 02f9 	JMP  _delay_ms
                 
                 ;OPTIMIZER ADDED SUBROUTINE, CALLED 3 TIMES, CODE SIZE REDUCTION:7 WORDS
                 SUBOPT_0x7:
0002f1 e3a0      	LDI  R26,LOW(48)
0002f2 940e 0213 	CALL __lcd_write_nibble_G100
                +
0002f4 e980     +LDI R24 , LOW ( 400 )
0002f5 e091     +LDI R25 , HIGH ( 400 )
                +__DELAY_USW_LOOP :
0002f6 9701     +SBIW R24 , 1
0002f7 f7f1     +BRNE __DELAY_USW_LOOP
                 	__DELAY_USW 400
0002f8 9508      	RET
                 
                 
                 	.CSEG
                 _delay_ms:
0002f9 9610      	adiw r26,0
0002fa f039      	breq __delay_ms1
                 __delay_ms0:
                +
0002fb ea80     +LDI R24 , LOW ( 0xFA0 )
0002fc e09f     +LDI R25 , HIGH ( 0xFA0 )
                +__DELAY_USW_LOOP :
0002fd 9701     +SBIW R24 , 1
0002fe f7f1     +BRNE __DELAY_USW_LOOP
                 	__DELAY_USW 0xFA0
0002ff 95a8      	wdr
000300 9711      	sbiw r26,1
000301 f7c9      	brne __delay_ms0
                 __delay_ms1:
000302 9508      	ret
                 
                 ;END OF CODE MARKER
                 __END_OF_CODE:


RESOURCE USE INFORMATION
------------------------

Notice:
The register and instruction counts are symbol table hit counts,
and hence implicitly used resources are not counted, eg, the
'lpm' instruction without operands implicitly uses r0 and z,
none of which are counted.

x,y,z are separate entities in the symbol table and are
counted separately from r26..r31 here.

.dseg memory usage only counts static data declared with .byte

ATmega32 register use summary:
r0 :   6 r1 :   3 r2 :   0 r3 :   0 r4 :   0 r5 :   4 r6 :   4 r7 :   4 
r8 :   0 r9 :   2 r10:   0 r11:   0 r12:   0 r13:   0 r14:   0 r15:   2 
r16:  11 r17:  15 r18:   0 r19:   0 r20:   0 r21:   0 r22:   9 r23:   2 
r24:  25 r25:   8 r26:  82 r27:  46 r28:   4 r29:   1 r30: 104 r31:  33 
x  :   8 y  :  87 z  :   9 
Registers used: 22 out of 35 (62.9%)

ATmega32 instruction use summary:
.lds  :   0 .lds.l:   0 .sts  :   0 .sts.l:   0 adc   :   1 add   :   2 
adiw  :   5 and   :   0 andi  :   2 asr   :   0 bclr  :   0 bld   :   0 
brbc  :   0 brbs  :   0 brcc  :   0 brcs  :   0 break :   0 breq  :   5 
brge  :   0 brhc  :   0 brhs  :   0 brid  :   0 brie  :   0 brlo  :   2 
brlt  :   0 brmi  :   0 brne  :  13 brpl  :   0 brsh  :   6 brtc  :   0 
brts  :   0 brvc  :   0 brvs  :   0 bset  :   0 bst   :   0 call  :  56 
cbi   :   7 cbr   :   0 clc   :   0 clh   :   0 cli   :   1 cln   :   0 
clr   :   5 cls   :   0 clt   :   0 clv   :   0 clz   :   0 com   :   0 
cp    :   3 cpc   :   1 cpi   :   3 cpse  :   0 dec   :   4 des   :   0 
eor   :   0 fmul  :   0 fmuls :   0 fmulsu:   0 icall :   0 ijmp  :   0 
in    :   4 inc   :   3 jmp   :  28 ld    :  34 ldd   :   7 ldi   : 140 
lds   :   0 lpm   :   7 lsl   :   0 lsr   :   0 mov   :   7 movw  :   5 
mul   :   0 muls  :   0 mulsu :   0 neg   :   0 nop   :   0 or    :   1 
ori   :   1 out   :  19 pop   :   2 push  :   2 rcall :  19 ret   :  11 
reti  :   1 rjmp  :  19 rol   :   0 ror   :   0 sbc   :   0 sbci  :   8 
sbi   :   9 sbic  :   1 sbis  :   2 sbiw  :   8 sbr   :   0 sbrc  :   0 
sbrs  :   0 sec   :   0 seh   :   0 sei   :   1 sen   :   0 ser   :   0 
ses   :   0 set   :   0 sev   :   0 sez   :   0 sleep :   0 spm   :   0 
st    :  54 std   :   2 sts   :   2 sub   :   0 subi  :  10 swap  :   1 
tst   :   2 wdr   :   1 
Instructions used: 47 out of 116 (40.5%)

ATmega32 memory use summary [bytes]:
Segment   Begin    End      Code   Data   Used    Size   Use%
---------------------------------------------------------------
[.cseg] 0x000000 0x000606   1226    316   1542   32768   4.7%
[.dseg] 0x000060 0x0003e8      0    392    392    2048  19.1%
[.eseg] 0x000000 0x000000      0      0      0    1024   0.0%

Assembly complete, 0 errors, 7 warnings
